<?xml version="1.0" encoding="UTF-8"?>
<!-- Generated by org.testng.reporters.JUnitXMLReporter -->
<testsuite hostname="DESKTOP-EUNFVH5" ignored="3" name="Test-Runner 2" tests="5" failures="0" timestamp="03 Mar 2022 12:31:49 GMT" time="0.135" errors="0">
  <testcase name="@BeforeTest launchTheBrowser" time="0.0" classname="crm.pom.ObjectRepository.BaseClass">
    <failure type="org.testng.TestNGException" message="
Parameter &amp;apos;browser&amp;apos; is required by BeforeTest on method launchTheBrowser but has not been marked @Optional or defined
in C:\Users\Vijayalaxmi\OneDrive\Desktop\New folder\ComCastSeleniumFramework-SDET30\testng-DistrParallExcn.xml">
      <![CDATA[org.testng.TestNGException: 
Parameter 'browser' is required by BeforeTest on method launchTheBrowser but has not been marked @Optional or defined
in C:\Users\Vijayalaxmi\OneDrive\Desktop\New folder\ComCastSeleniumFramework-SDET30\testng-DistrParallExcn.xml
at java.util.concurrent.FutureTask.run(Unknown Source)
at java.util.concurrent.ThreadPoolExecutor.runWorker(Unknown Source)
at java.util.concurrent.ThreadPoolExecutor$Worker.run(Unknown Source)
at java.lang.Thread.run(Unknown Source)
... Removed 12 stack frames]]>
    </failure>
  </testcase> <!-- @BeforeTest launchTheBrowser -->
  <testcase name="@BeforeMethod login" time="0.0" classname="crm.pom.ObjectRepository.BaseClass">
    <skipped/>
  </testcase> <!-- @BeforeMethod login -->
  <testcase name="@AfterMethod logout" time="0.0" classname="crm.pom.ObjectRepository.BaseClass">
    <skipped/>
  </testcase> <!-- @AfterMethod logout -->
  <testcase name="@BeforeMethod login" time="0.0" classname="crm.pom.ObjectRepository.BaseClass">
    <skipped/>
  </testcase> <!-- @BeforeMethod login -->
  <testcase name="@AfterMethod logout" time="0.0" classname="crm.pom.ObjectRepository.BaseClass">
    <skipped/>
  </testcase> <!-- @AfterMethod logout -->
  <testcase name="@BeforeMethod login" time="0.0" classname="crm.pom.ObjectRepository.BaseClass">
    <skipped/>
  </testcase> <!-- @BeforeMethod login -->
  <testcase name="@AfterMethod logout" time="0.0" classname="crm.pom.ObjectRepository.BaseClass">
    <skipped/>
  </testcase> <!-- @AfterMethod logout -->
  <testcase name="@BeforeMethod login" time="0.0" classname="crm.pom.ObjectRepository.BaseClass">
    <skipped/>
  </testcase> <!-- @BeforeMethod login -->
  <testcase name="@AfterMethod logout" time="0.0" classname="crm.pom.ObjectRepository.BaseClass">
    <skipped/>
  </testcase> <!-- @AfterMethod logout -->
  <testcase name="@AfterClass closeBrowser" time="0.0" classname="crm.pom.ObjectRepository.BaseClass">
    <skipped/>
  </testcase> <!-- @AfterClass closeBrowser -->
  <testcase name="@BeforeMethod login" time="0.0" classname="crm.pom.ObjectRepository.BaseClass">
    <skipped/>
  </testcase> <!-- @BeforeMethod login -->
  <testcase name="@AfterMethod logout" time="0.0" classname="crm.pom.ObjectRepository.BaseClass">
    <skipped/>
  </testcase> <!-- @AfterMethod logout -->
  <testcase name="@AfterClass closeBrowser" time="0.0" classname="crm.pom.ObjectRepository.BaseClass">
    <skipped/>
  </testcase> <!-- @AfterClass closeBrowser -->
  <testcase name="createOrgWithIndTypeBaseClass" time="0.0" classname="com.crm.ScriptsUsingGenericUtility.CreateOrgWithIndTypeBaseClass">
    <skipped/>
  </testcase> <!-- createOrgWithIndTypeBaseClass -->
  <testcase name="createSampleTestCase1" time="0.0" classname="com.crm.ScriptsUsingGenericUtility.CreateOrgWithIndTypeBaseClass">
    <skipped/>
  </testcase> <!-- createSampleTestCase1 -->
  <testcase name="createSampleTestCase2" time="0.0" classname="com.crm.ScriptsUsingGenericUtility.CreateOrgWithIndTypeBaseClass">
    <skipped/>
  </testcase> <!-- createSampleTestCase2 -->
  <testcase name="createSampleTestCase3" time="0.0" classname="com.crm.ScriptsUsingGenericUtility.CreateOrgWithIndTypeBaseClass">
    <skipped/>
  </testcase> <!-- createSampleTestCase3 -->
  <testcase name="createContactTest" time="0.0" classname="com.crm.ScriptsUsingGenericUtility.CreateContactWithBaseClass">
    <skipped/>
  </testcase> <!-- createContactTest -->
  <testcase name="@BeforeSuite connectdatabase" time="0.0" classname="crm.pom.ObjectRepository.BaseClass">
    <ignored/>
  </testcase> <!-- @BeforeSuite connectdatabase -->
  <testcase name="@BeforeTest launchTheBrowser" time="0.0" classname="crm.pom.ObjectRepository.BaseClass">
    <ignored/>
  </testcase> <!-- @BeforeTest launchTheBrowser -->
  <testcase name="@AfterSuite closeDb" time="0.0" classname="crm.pom.ObjectRepository.BaseClass">
    <ignored/>
  </testcase> <!-- @AfterSuite closeDb -->
</testsuite> <!-- Test-Runner 2 -->
