<?xml version="1.0" encoding="UTF-8"?>
<!-- Generated by org.testng.reporters.JUnitXMLReporter -->
<testsuite hostname="DESKTOP-EUNFVH5" ignored="0" name="Test- Runner - Firefox" tests="1" failures="0" timestamp="03 Mar 2022 07:28:28 GMT" time="60.022" errors="0">
  <testcase name="createContactTest" time="32.639" classname="com.crm.ScriptsUsingGenericUtility.CreateContactWithBaseClass"/>
</testsuite> <!-- Test- Runner - Firefox -->
