<?xml version="1.0" encoding="UTF-8"?>
<!-- Generated by org.testng.reporters.JUnitReportReporter -->
<testsuite skipped="0" hostname="DESKTOP-EUNFVH5" name="com.crm.LeadsTest.ChekboxsAndGiveInvalidAmountTC_33" tests="1" failures="0" timestamp="21 Feb 2022 04:34:09 GMT" time="37.963" errors="0">
  <testcase name="chekboxsAndInvalidAmount" time="37.963" classname="com.crm.LeadsTest.ChekboxsAndGiveInvalidAmountTC_33"/>
</testsuite> <!-- com.crm.LeadsTest.ChekboxsAndGiveInvalidAmountTC_33 -->
