<?xml version="1.0" encoding="UTF-8"?>
<!-- Generated by org.testng.reporters.JUnitReportReporter -->
<testsuite skipped="0" hostname="DESKTOP-EUNFVH5" name="com.crm.PRACTICE.DataVerificationINDB" tests="1" failures="0" timestamp="16 Feb 2022 08:33:55 GMT" time="0.379" errors="0">
  <testcase name="dataVerificationInDb" time="0.379" classname="com.crm.PRACTICE.DataVerificationINDB"/>
</testsuite> <!-- com.crm.PRACTICE.DataVerificationINDB -->
