<?xml version="1.0" encoding="UTF-8"?>
<!-- Generated by org.testng.reporters.JUnitReportReporter -->
<testsuite skipped="0" hostname="DESKTOP-EUNFVH5" name="com.crm.PRACTICE.DataProviderWithExcel" tests="10" failures="0" timestamp="01 Mar 2022 07:22:43 GMT" time="0.023" errors="0">
  <testcase name="data" time="0.001" classname="com.crm.PRACTICE.DataProviderWithExcel"/>
  <testcase name="data" time="0.011" classname="com.crm.PRACTICE.DataProviderWithExcel"/>
  <testcase name="data" time="0.002" classname="com.crm.PRACTICE.DataProviderWithExcel"/>
  <testcase name="data" time="0.001" classname="com.crm.PRACTICE.DataProviderWithExcel"/>
  <testcase name="data" time="0.002" classname="com.crm.PRACTICE.DataProviderWithExcel"/>
  <testcase name="data" time="0.001" classname="com.crm.PRACTICE.DataProviderWithExcel"/>
  <testcase name="data" time="0.001" classname="com.crm.PRACTICE.DataProviderWithExcel"/>
  <testcase name="data" time="0.001" classname="com.crm.PRACTICE.DataProviderWithExcel"/>
  <testcase name="data" time="0.002" classname="com.crm.PRACTICE.DataProviderWithExcel"/>
  <testcase name="data" time="0.001" classname="com.crm.PRACTICE.DataProviderWithExcel"/>
</testsuite> <!-- com.crm.PRACTICE.DataProviderWithExcel -->
