<?xml version="1.0" encoding="UTF-8"?>
<!-- Generated by org.testng.reporters.JUnitReportReporter -->
<testsuite skipped="0" hostname="DESKTOP-EUNFVH5" name="com.crm.PRACTICE.PracticeForGenericUtils" tests="1" failures="0" timestamp="22 Feb 2022 09:18:26 GMT" time="0.941" errors="0">
  <testcase name="practice" time="0.941" classname="com.crm.PRACTICE.PracticeForGenericUtils"/>
</testsuite> <!-- com.crm.PRACTICE.PracticeForGenericUtils -->
