<?xml version="1.0" encoding="UTF-8"?>
<!-- Generated by org.testng.reporters.JUnitReportReporter -->
<testsuite skipped="0" hostname="DESKTOP-EUNFVH5" name="com.crm.ScriptsUsingGenericUtility.ChekboxsAndGiveInvalidAmountTC_33" tests="1" failures="0" timestamp="22 Feb 2022 15:57:34 GMT" time="34.354" errors="0">
  <testcase name="chekboxsAndInvalidAmount" time="34.354" classname="com.crm.ScriptsUsingGenericUtility.ChekboxsAndGiveInvalidAmountTC_33"/>
</testsuite> <!-- com.crm.ScriptsUsingGenericUtility.ChekboxsAndGiveInvalidAmountTC_33 -->
