<?xml version="1.0" encoding="UTF-8"?>
<!-- Generated by org.testng.reporters.JUnitReportReporter -->
<testsuite skipped="0" hostname="DESKTOP-EUNFVH5" name="com.crm.ScriptsUsingGenericUtility.CreateContactTest" tests="1" failures="0" timestamp="26 Feb 2022 09:33:11 GMT" time="131.991" errors="0">
  <testcase name="createContactTest" time="131.991" classname="com.crm.ScriptsUsingGenericUtility.CreateContactTest"/>
</testsuite> <!-- com.crm.ScriptsUsingGenericUtility.CreateContactTest -->
