<?xml version="1.0" encoding="UTF-8"?>
<!-- Generated by org.testng.reporters.JUnitReportReporter -->
<testsuite skipped="0" hostname="DESKTOP-EUNFVH5" name="com.crm.PRACTICE.BaseClassPractice" tests="2" failures="0" timestamp="01 Mar 2022 09:38:51 GMT" time="13.769" errors="0">
  <testcase name="actualTest" time="6.275" classname="com.crm.PRACTICE.BaseClassPractice"/>
  <testcase name="actualTest1" time="7.494" classname="com.crm.PRACTICE.BaseClassPractice"/>
</testsuite> <!-- com.crm.PRACTICE.BaseClassPractice -->
