<?xml version="1.0" encoding="UTF-8"?>
<!-- Generated by org.testng.reporters.JUnitReportReporter -->
<testsuite skipped="0" hostname="DESKTOP-EUNFVH5" name="com.crm.PRACTICE.ReadDataFromExcelSheetTest" tests="1" failures="0" timestamp="17 Feb 2022 11:24:51 GMT" time="0.636" errors="0">
  <testcase name="readDateFromExcelSheetTest" time="0.636" classname="com.crm.PRACTICE.ReadDataFromExcelSheetTest"/>
</testsuite> <!-- com.crm.PRACTICE.ReadDataFromExcelSheetTest -->
