<?xml version="1.0" encoding="UTF-8"?>
<!-- Generated by org.testng.reporters.JUnitReportReporter -->
<testsuite skipped="0" hostname="DESKTOP-EUNFVH5" name="com.crm.ContactTests.CreateHealthCareIndExistingOrgTest" tests="1" failures="0" timestamp="20 Feb 2022 18:07:29 GMT" time="54.350" errors="0">
  <testcase name="createHealthCareIndustryTest" time="54.350" classname="com.crm.ContactTests.CreateHealthCareIndExistingOrgTest"/>
</testsuite> <!-- com.crm.ContactTests.CreateHealthCareIndExistingOrgTest -->
