<?xml version="1.0" encoding="UTF-8"?>
<!-- Generated by org.testng.reporters.JUnitReportReporter -->
<testsuite skipped="0" hostname="DESKTOP-EUNFVH5" name="com.crm.CampaignTest.CreateCompaignProductTest" tests="1" failures="0" timestamp="18 Feb 2022 10:07:26 GMT" time="29.790" errors="0">
  <testcase name="createCompaignProductTest" time="29.790" classname="com.crm.CampaignTest.CreateCompaignProductTest"/>
</testsuite> <!-- com.crm.CampaignTest.CreateCompaignProductTest -->
