<?xml version="1.0" encoding="UTF-8"?>
<!-- Generated by org.testng.reporters.JUnitReportReporter -->
<testsuite skipped="0" hostname="DESKTOP-EUNFVH5" name="com.crm.PRACTICE.BookingForCurrentDate" tests="1" failures="0" timestamp="10 Mar 2022 05:34:39 GMT" time="295.864" errors="0">
  <testcase name="bookingForCurrentDate" time="295.864" classname="com.crm.PRACTICE.BookingForCurrentDate"/>
</testsuite> <!-- com.crm.PRACTICE.BookingForCurrentDate -->
