<?xml version="1.0" encoding="UTF-8"?>
<!-- Generated by org.testng.reporters.JUnitReportReporter -->
<testsuite skipped="0" hostname="DESKTOP-EUNFVH5" name="com.crm.ScriptsUsingGenericUtility.CreatePOMContactWithOrgTest" tests="1" failures="0" timestamp="02 Mar 2022 06:20:02 GMT" time="48.468" errors="0">
  <testcase name="createContactWithOrgTest" time="48.468" classname="com.crm.ScriptsUsingGenericUtility.CreatePOMContactWithOrgTest"/>
</testsuite> <!-- com.crm.ScriptsUsingGenericUtility.CreatePOMContactWithOrgTest -->
