<?xml version="1.0" encoding="UTF-8"?>
<!-- Generated by org.testng.reporters.JUnitReportReporter -->
<testsuite skipped="0" hostname="DESKTOP-EUNFVH5" name="com.crm.PRACTICE.PracticeForGenericItils" tests="1" failures="0" timestamp="21 Feb 2022 08:12:52 GMT" time="0.036" errors="0">
  <testcase name="practice" time="0.036" classname="com.crm.PRACTICE.PracticeForGenericItils"/>
</testsuite> <!-- com.crm.PRACTICE.PracticeForGenericItils -->
