<?xml version="1.0" encoding="UTF-8"?>
<!-- Generated by org.testng.reporters.JUnitReportReporter -->
<testsuite skipped="0" hostname="DESKTOP-EUNFVH5" name="com.crm.ScriptsUsingGenericUtility.POMCheckboxsAndGiveValidAmountTC_32" tests="1" failures="0" timestamp="01 Mar 2022 09:30:36 GMT" time="32.313" errors="0">
  <testcase name="POMcheckboxAndGiveValidAmountTC_32" time="32.313" classname="com.crm.ScriptsUsingGenericUtility.POMCheckboxsAndGiveValidAmountTC_32"/>
</testsuite> <!-- com.crm.ScriptsUsingGenericUtility.POMCheckboxsAndGiveValidAmountTC_32 -->
