<?xml version="1.0" encoding="UTF-8"?>
<!-- Generated by org.testng.reporters.JUnitReportReporter -->
<testsuite skipped="0" hostname="DESKTOP-EUNFVH5" name="com.crm.PRACTICE.PracticeTestNG" tests="3" failures="0" timestamp="28 Feb 2022 07:47:11 GMT" time="0.014" errors="0">
  <testcase name="createOrg" time="0.011" classname="com.crm.PRACTICE.PracticeTestNG"/>
  <testcase name="modifyOrg" time="0.002" classname="com.crm.PRACTICE.PracticeTestNG"/>
  <testcase name="deleteOrg" time="0.001" classname="com.crm.PRACTICE.PracticeTestNG"/>
</testsuite> <!-- com.crm.PRACTICE.PracticeTestNG -->
