<?xml version="1.0" encoding="UTF-8"?>
<!-- Generated by org.testng.reporters.JUnitReportReporter -->
<testsuite skipped="0" hostname="DESKTOP-EUNFVH5" name="com.crm.ScriptsUsingGenericUtility.CreatingCampaignWithProduct" tests="1" failures="0" timestamp="02 Mar 2022 04:11:01 GMT" time="31.773" errors="0">
  <testcase name="createCampaignWithProduct" time="31.773" classname="com.crm.ScriptsUsingGenericUtility.CreatingCampaignWithProduct"/>
</testsuite> <!-- com.crm.ScriptsUsingGenericUtility.CreatingCampaignWithProduct -->
