<?xml version="1.0" encoding="UTF-8"?>
<!-- Generated by org.testng.reporters.JUnitReportReporter -->
<testsuite skipped="0" hostname="DESKTOP-EUNFVH5" name="com.crm.LeadsTest.KeepAllEditableMandatoryFieldsBlankTC_34" tests="1" failures="0" timestamp="22 Feb 2022 16:12:59 GMT" time="51.170" errors="0">
  <testcase name="keepAllEditableMandatoryFieldsBlank" time="51.170" classname="com.crm.LeadsTest.KeepAllEditableMandatoryFieldsBlankTC_34"/>
</testsuite> <!-- com.crm.LeadsTest.KeepAllEditableMandatoryFieldsBlankTC_34 -->
