<?xml version="1.0" encoding="UTF-8"?>
<!-- Generated by org.testng.reporters.JUnitReportReporter -->
<testsuite skipped="0" hostname="DESKTOP-EUNFVH5" name="com.crm.ScriptsUsingGenericUtility.NotSelectingAnyChekboxsTC_35" tests="1" failures="0" timestamp="22 Feb 2022 16:21:57 GMT" time="38.082" errors="0">
  <testcase name="notSelectingAnyCheckboxs" time="38.082" classname="com.crm.ScriptsUsingGenericUtility.NotSelectingAnyChekboxsTC_35"/>
</testsuite> <!-- com.crm.ScriptsUsingGenericUtility.NotSelectingAnyChekboxsTC_35 -->
