<?xml version="1.0" encoding="UTF-8"?>
<!-- Generated by org.testng.reporters.JUnitReportReporter -->
<testsuite skipped="0" hostname="DESKTOP-EUNFVH5" name="com.crm.PRACTICE.SampleJDBCExecuteUpdate2" tests="1" failures="0" timestamp="16 Feb 2022 09:26:30 GMT" time="0.300" errors="0">
  <testcase name="sampleJDBCExecuteUpdate" time="0.300" classname="com.crm.PRACTICE.SampleJDBCExecuteUpdate2"/>
</testsuite> <!-- com.crm.PRACTICE.SampleJDBCExecuteUpdate2 -->
