<?xml version="1.0" encoding="UTF-8"?>
<!-- Generated by org.testng.reporters.JUnitReportReporter -->
<testsuite skipped="0" hostname="DESKTOP-EUNFVH5" name="com.crm.PRACTICE.DataProviderPractice" tests="4" failures="0" timestamp="28 Feb 2022 10:26:24 GMT" time="0.016" errors="0">
  <testcase name="sampleDataProvider" time="0.001" classname="com.crm.PRACTICE.DataProviderPractice"/>
  <testcase name="sampleDataProvider" time="0.001" classname="com.crm.PRACTICE.DataProviderPractice"/>
  <testcase name="sampleDataProvider" time="0.002" classname="com.crm.PRACTICE.DataProviderPractice"/>
  <testcase name="sampleDataProvider" time="0.012" classname="com.crm.PRACTICE.DataProviderPractice"/>
</testsuite> <!-- com.crm.PRACTICE.DataProviderPractice -->
