<?xml version="1.0" encoding="UTF-8"?>
<!-- Generated by org.testng.reporters.JUnitReportReporter -->
<testsuite skipped="0" hostname="DESKTOP-EUNFVH5" name="com.crm.LeadsTest.ChekboxsAndGiveInvalidDataTC_31" tests="1" failures="0" timestamp="28 Feb 2022 07:22:06 GMT" time="81.210" errors="0">
  <testcase name="checkboxAndGiveInvalidDataTC_31" time="81.210" classname="com.crm.LeadsTest.ChekboxsAndGiveInvalidDataTC_31"/>
</testsuite> <!-- com.crm.LeadsTest.ChekboxsAndGiveInvalidDataTC_31 -->
