<?xml version="1.0" encoding="UTF-8"?>
<!-- Generated by org.testng.reporters.JUnitReportReporter -->
<testsuite skipped="0" hostname="DESKTOP-EUNFVH5" name="com.crm.PRACTICE.CreateMultipleContactwithmandatoryfields" tests="10" failures="0" timestamp="01 Mar 2022 09:12:11 GMT" time="281.218" errors="0">
  <testcase name="createMultipleContactwithmandatoryfields" time="31.461" classname="com.crm.PRACTICE.CreateMultipleContactwithmandatoryfields"/>
  <testcase name="createMultipleContactwithmandatoryfields" time="29.834" classname="com.crm.PRACTICE.CreateMultipleContactwithmandatoryfields"/>
  <testcase name="createMultipleContactwithmandatoryfields" time="20.492" classname="com.crm.PRACTICE.CreateMultipleContactwithmandatoryfields"/>
  <testcase name="createMultipleContactwithmandatoryfields" time="29.920" classname="com.crm.PRACTICE.CreateMultipleContactwithmandatoryfields"/>
  <testcase name="createMultipleContactwithmandatoryfields" time="32.755" classname="com.crm.PRACTICE.CreateMultipleContactwithmandatoryfields"/>
  <testcase name="createMultipleContactwithmandatoryfields" time="29.687" classname="com.crm.PRACTICE.CreateMultipleContactwithmandatoryfields"/>
  <testcase name="createMultipleContactwithmandatoryfields" time="24.840" classname="com.crm.PRACTICE.CreateMultipleContactwithmandatoryfields"/>
  <testcase name="createMultipleContactwithmandatoryfields" time="22.130" classname="com.crm.PRACTICE.CreateMultipleContactwithmandatoryfields"/>
  <testcase name="createMultipleContactwithmandatoryfields" time="30.710" classname="com.crm.PRACTICE.CreateMultipleContactwithmandatoryfields"/>
  <testcase name="createMultipleContactwithmandatoryfields" time="29.389" classname="com.crm.PRACTICE.CreateMultipleContactwithmandatoryfields"/>
</testsuite> <!-- com.crm.PRACTICE.CreateMultipleContactwithmandatoryfields -->
