<?xml version="1.0" encoding="UTF-8"?>
<!-- Generated by org.testng.reporters.JUnitReportReporter -->
<testsuite skipped="0" hostname="DESKTOP-EUNFVH5" name="com.crm.ScriptsUsingGenericUtility.CreatePOMOrgWithIndCatDDusingBaseClass" tests="1" failures="0" timestamp="04 Mar 2022 11:28:35 GMT" time="22.160" errors="0">
  <testcase name="createPOMOrgWithIndCatDDusingBaseClass" time="22.160" classname="com.crm.ScriptsUsingGenericUtility.CreatePOMOrgWithIndCatDDusingBaseClass"/>
</testsuite> <!-- com.crm.ScriptsUsingGenericUtility.CreatePOMOrgWithIndCatDDusingBaseClass -->
