<?xml version="1.0" encoding="UTF-8"?>
<!-- Generated by org.testng.reporters.JUnitReportReporter -->
<testsuite skipped="0" hostname="DESKTOP-EUNFVH5" name="com.crm.LeadsTest.NotSelectingAnyChekboxsTC_35" tests="1" failures="0" timestamp="21 Feb 2022 04:36:26 GMT" time="33.812" errors="0">
  <testcase name="notSelectingAnyCheckboxs" time="33.812" classname="com.crm.LeadsTest.NotSelectingAnyChekboxsTC_35"/>
</testsuite> <!-- com.crm.LeadsTest.NotSelectingAnyChekboxsTC_35 -->
