<?xml version="1.0" encoding="UTF-8"?>
<!-- Generated by org.testng.reporters.JUnitReportReporter -->
<testsuite skipped="0" hostname="DESKTOP-EUNFVH5" name="com.crm.ScriptsUsingGenericUtility.CheckboxsAndGiveInvalidDataTC_31" tests="1" failures="0" timestamp="02 Mar 2022 04:14:45 GMT" time="28.488" errors="0">
  <testcase name="checkboxAndGiveInvalidDataTC_31" time="28.488" classname="com.crm.ScriptsUsingGenericUtility.CheckboxsAndGiveInvalidDataTC_31"/>
</testsuite> <!-- com.crm.ScriptsUsingGenericUtility.CheckboxsAndGiveInvalidDataTC_31 -->
