<?xml version="1.0" encoding="UTF-8"?>
<!-- Generated by org.testng.reporters.JUnitReportReporter -->
<testsuite skipped="0" hostname="DESKTOP-EUNFVH5" name="com.crm.PRACTICE.DataProviderPractice2" tests="6" failures="0" timestamp="28 Feb 2022 10:26:07 GMT" time="0.024" errors="0">
  <testcase name="SampDataProvider2" time="0.001" classname="com.crm.PRACTICE.DataProviderPractice2"/>
  <testcase name="SampDataProvider2" time="0.002" classname="com.crm.PRACTICE.DataProviderPractice2"/>
  <testcase name="SampDataProvider2" time="0.001" classname="com.crm.PRACTICE.DataProviderPractice2"/>
  <testcase name="SampDataProvider2" time="0.006" classname="com.crm.PRACTICE.DataProviderPractice2"/>
  <testcase name="SampDataProvider2" time="0.012" classname="com.crm.PRACTICE.DataProviderPractice2"/>
  <testcase name="SampDataProvider2" time="0.002" classname="com.crm.PRACTICE.DataProviderPractice2"/>
</testsuite> <!-- com.crm.PRACTICE.DataProviderPractice2 -->
