<?xml version="1.0" encoding="UTF-8"?>
<!-- Generated by org.testng.reporters.JUnitReportReporter -->
<testsuite skipped="0" hostname="DESKTOP-EUNFVH5" name="com.crm.OrganizationTests.CreateOrganizationwithPropertyFileTest" tests="1" failures="0" timestamp="17 Feb 2022 05:37:53 GMT" time="16.113" errors="0">
  <testcase name="createOrgTest" time="16.113" classname="com.crm.OrganizationTests.CreateOrganizationwithPropertyFileTest"/>
</testsuite> <!-- com.crm.OrganizationTests.CreateOrganizationwithPropertyFileTest -->
