<?xml version="1.0" encoding="UTF-8"?>
<!-- Generated by org.testng.reporters.JUnitReportReporter -->
<testsuite skipped="0" hostname="DESKTOP-EUNFVH5" name="com.crm.PRACTICE.WriteDataIntoExcelSheetTest" tests="1" failures="0" timestamp="17 Feb 2022 11:13:35 GMT" time="1.137" errors="0">
  <testcase name="writeDataIntoExcelSheetTest" time="1.137" classname="com.crm.PRACTICE.WriteDataIntoExcelSheetTest"/>
</testsuite> <!-- com.crm.PRACTICE.WriteDataIntoExcelSheetTest -->
