<?xml version="1.0" encoding="UTF-8"?>
<!-- Generated by org.testng.reporters.JUnitReportReporter -->
<testsuite skipped="0" hostname="DESKTOP-EUNFVH5" name="com.crm.PRACTICE.PropertyFilePractice" tests="1" failures="0" timestamp="17 Feb 2022 05:37:21 GMT" time="0.010" errors="0">
  <testcase name="propertyFilePractice" time="0.010" classname="com.crm.PRACTICE.PropertyFilePractice"/>
</testsuite> <!-- com.crm.PRACTICE.PropertyFilePractice -->
