<?xml version="1.0" encoding="UTF-8"?>
<!-- Generated by org.testng.reporters.JUnitReportReporter -->
<testsuite skipped="0" hostname="DESKTOP-EUNFVH5" name="com.crm.ScriptsUsingGenericUtility.POMCheckboxsAndGiveInvalidDataTC_31" tests="1" failures="0" timestamp="01 Mar 2022 09:23:05 GMT" time="27.440" errors="0">
  <testcase name="checkboxAndGiveInvalidDataTC_31" time="27.440" classname="com.crm.ScriptsUsingGenericUtility.POMCheckboxsAndGiveInvalidDataTC_31"/>
</testsuite> <!-- com.crm.ScriptsUsingGenericUtility.POMCheckboxsAndGiveInvalidDataTC_31 -->
