<?xml version="1.0" encoding="UTF-8"?>
<!-- Generated by org.testng.reporters.JUnitReportReporter -->
<testsuite skipped="0" hostname="DESKTOP-EUNFVH5" name="com.crm.PRACTICE.SelectAnyDateFromCalenderTest" tests="1" failures="0" timestamp="09 Mar 2022 09:45:48 GMT" time="38.191" errors="0">
  <testcase name="calender" time="38.191" classname="com.crm.PRACTICE.SelectAnyDateFromCalenderTest"/>
</testsuite> <!-- com.crm.PRACTICE.SelectAnyDateFromCalenderTest -->
