<?xml version="1.0" encoding="UTF-8"?>
<!-- Generated by org.testng.reporters.JUnitReportReporter -->
<testsuite skipped="1" hostname="DESKTOP-EUNFVH5" name="com.crm.PRACTICE.WebEleTableCheckAllCheckBox" tests="2" failures="0" timestamp="09 Mar 2022 05:08:18 GMT" time="8.185" errors="0">
  <testcase name="printLastName" time="8.185" classname="com.crm.PRACTICE.WebEleTableCheckAllCheckBox"/>
  <testcase name="webEleTableCheckAllCheckBox" classname="com.crm.PRACTICE.WebEleTableCheckAllCheckBox">
    <skipped/>
  </testcase> <!-- webEleTableCheckAllCheckBox -->
</testsuite> <!-- com.crm.PRACTICE.WebEleTableCheckAllCheckBox -->
