<?xml version="1.0" encoding="UTF-8"?>
<!-- Generated by org.testng.reporters.JUnitReportReporter -->
<testsuite skipped="0" hostname="DESKTOP-EUNFVH5" name="com.crm.PRACTICE.ClearCalenderiBiboTest" tests="1" failures="0" timestamp="09 Mar 2022 11:04:48 GMT" time="88.612" errors="0">
  <testcase name="clearCalenderiBiboTest" time="88.612" classname="com.crm.PRACTICE.ClearCalenderiBiboTest"/>
</testsuite> <!-- com.crm.PRACTICE.ClearCalenderiBiboTest -->
