<?xml version="1.0" encoding="UTF-8"?>
<!-- Generated by org.testng.reporters.JUnitReportReporter -->
<testsuite skipped="0" hostname="DESKTOP-EUNFVH5" name="com.crm.PRACTICE.ReadDataFromCmdLine" tests="1" failures="0" timestamp="17 Feb 2022 07:39:14 GMT" time="0.033" errors="0">
  <testcase name="readDataFromCmdLine" time="0.033" classname="com.crm.PRACTICE.ReadDataFromCmdLine"/>
</testsuite> <!-- com.crm.PRACTICE.ReadDataFromCmdLine -->
