<?xml version="1.0" encoding="UTF-8"?>
<!-- Generated by org.testng.reporters.JUnitReportReporter -->
<testsuite skipped="0" hostname="DESKTOP-EUNFVH5" name="com.crm.PRACTICE.ReadDataFromSuiteXMLfileTest" tests="1" failures="0" timestamp="17 Feb 2022 14:51:54 GMT" time="0.018" errors="0">
  <testcase name="readDataFromSuiteXMLfileTest" time="0.018" classname="com.crm.PRACTICE.ReadDataFromSuiteXMLfileTest"/>
</testsuite> <!-- com.crm.PRACTICE.ReadDataFromSuiteXMLfileTest -->
