<?xml version="1.0" encoding="UTF-8"?>
<!-- Generated by org.testng.reporters.JUnitReportReporter -->
<testsuite skipped="0" hostname="DESKTOP-EUNFVH5" name="com.crm.CampaignTest.CreateCompWithProductTest" tests="1" failures="0" timestamp="18 Feb 2022 11:00:27 GMT" time="36.073" errors="0">
  <testcase name="CreateCompWithProductTest" time="36.073" classname="com.crm.CampaignTest.CreateCompWithProductTest"/>
</testsuite> <!-- com.crm.CampaignTest.CreateCompWithProductTest -->
