<?xml version="1.0" encoding="UTF-8"?>
<!-- Generated by org.testng.reporters.JUnitReportReporter -->
<testsuite skipped="0" hostname="DESKTOP-EUNFVH5" name="com.crm.ScriptsUsingGenericUtility.CreatePOMOrgWithHealthCareTypeDDTest" tests="1" failures="0" timestamp="02 Mar 2022 06:23:29 GMT" time="29.245" errors="0">
  <testcase name="createPOMOrgWithHealthCareTest" time="29.245" classname="com.crm.ScriptsUsingGenericUtility.CreatePOMOrgWithHealthCareTypeDDTest"/>
</testsuite> <!-- com.crm.ScriptsUsingGenericUtility.CreatePOMOrgWithHealthCareTypeDDTest -->
