<?xml version="1.0" encoding="UTF-8"?>
<!-- Generated by org.testng.reporters.JUnitReportReporter -->
<testsuite skipped="0" hostname="DESKTOP-EUNFVH5" name="com.crm.ScriptsUsingGenericUtility.CreateContactWithOrgTest" tests="1" failures="0" timestamp="22 Feb 2022 14:33:37 GMT" time="60.831" errors="0">
  <testcase name="createContactWithOrgTest" time="60.831" classname="com.crm.ScriptsUsingGenericUtility.CreateContactWithOrgTest"/>
</testsuite> <!-- com.crm.ScriptsUsingGenericUtility.CreateContactWithOrgTest -->
