<?xml version="1.0" encoding="UTF-8"?>
<!-- Generated by org.testng.reporters.JUnitReportReporter -->
<testsuite skipped="0" hostname="DESKTOP-EUNFVH5" name="com.crm.PRACTICE.SampleJDBCExecuteUpdate" tests="1" failures="0" timestamp="16 Feb 2022 07:21:18 GMT" time="0.470" errors="0">
  <testcase name="sampleJDBCExecuteUpdate" time="0.470" classname="com.crm.PRACTICE.SampleJDBCExecuteUpdate"/>
</testsuite> <!-- com.crm.PRACTICE.SampleJDBCExecuteUpdate -->
