<?xml version="1.0" encoding="UTF-8"?>
<!-- Generated by org.testng.reporters.JUnitReportReporter -->
<testsuite skipped="1" hostname="DESKTOP-EUNFVH5" name="com.crm.ScriptsUsingGenericUtility.CreateContactWithOrgUsingBaseClass" tests="1" failures="0" timestamp="03 Mar 2022 12:31:49 GMT" time="0.000" errors="0">
  <testcase name="createContactWithOrgTest" time="0.000" classname="com.crm.ScriptsUsingGenericUtility.CreateContactWithOrgUsingBaseClass">
    <skipped/>
  </testcase> <!-- createContactWithOrgTest -->
</testsuite> <!-- com.crm.ScriptsUsingGenericUtility.CreateContactWithOrgUsingBaseClass -->
