<?xml version="1.0" encoding="UTF-8"?>
<!-- Generated by org.testng.reporters.JUnitReportReporter -->
<testsuite skipped="0" hostname="DESKTOP-EUNFVH5" name="com.crm.ScriptsUsingGenericUtility.CreateOrgwithBaseclass" tests="1" failures="0" timestamp="16 Mar 2022 14:24:13 GMT" time="30.613" errors="0">
  <testcase name="createOrgTest" time="30.613" classname="com.crm.ScriptsUsingGenericUtility.CreateOrgwithBaseclass"/>
</testsuite> <!-- com.crm.ScriptsUsingGenericUtility.CreateOrgwithBaseclass -->
