<?xml version="1.0" encoding="UTF-8"?>
<!-- Generated by org.testng.reporters.JUnitReportReporter -->
<testsuite skipped="0" hostname="DESKTOP-EUNFVH5" name="com.crm.ScriptsUsingGenericUtility.CreatePOMOrgTest" tests="1" failures="0" timestamp="02 Mar 2022 06:23:29 GMT" time="30.734" errors="0">
  <testcase name="createOrgTest" time="30.734" classname="com.crm.ScriptsUsingGenericUtility.CreatePOMOrgTest"/>
</testsuite> <!-- com.crm.ScriptsUsingGenericUtility.CreatePOMOrgTest -->
